{
  "RSpec": {
    "coverage": {
      "/home/jrrohrer/tic-tac-toe-rb-online-web-sp-000/lib/tic_tac_toe.rb": [
        null,
        null,
        1,
        null,
        null,
        null,
        null,
        null,
        null,
        null,
        null,
        null,
        null,
        1,
        16,
        111,
        111,
        111,
        null,
        111,
        111,
        111,
        null,
        111,
        0,
        null,
        null,
        9,
        null,
        null,
        null,
        1,
        52,
        null,
        null,
        null,
        1,
        7,
        3,
        2,
        2,
        0,
        0,
        null,
        null,
        null,
        null,
        null,
        null,
        1,
        3,
        1,
        null,
        1,
        null,
        null,
        null,
        null,
        1,
        3,
        0,
        null,
        null
      ]
    },
    "timestamp": 1597849916
  }
}
